<?xml version="1.0" encoding="UTF-8"?>
<testsuite xmlns:xsi="http://www.w3.org/2001/XMLSchema-instance" xsi:noNamespaceSchemaLocation="https://maven.apache.org/surefire/maven-surefire-plugin/xsd/surefire-test-report-3.0.xsd" version="3.0" name="com.library.BorrowServiceTest" time="0.69" tests="3" errors="0" skipped="0" failures="0">
  <properties>
    <property name="java.specification.version" value="17"/>
    <property name="sun.cpu.isalist" value="amd64"/>
    <property name="sun.jnu.encoding" value="Cp1252"/>
    <property name="java.class.path" value="C:\Users\merya\Downloads\GestionBibliotheque\GestionBibliotheque\target\test-classes;C:\Users\merya\Downloads\GestionBibliotheque\GestionBibliotheque\target\classes;C:\Users\merya\.m2\repository\org\junit\jupiter\junit-jupiter-api\5.11.3\junit-jupiter-api-5.11.3.jar;C:\Users\merya\.m2\repository\org\opentest4j\opentest4j\1.3.0\opentest4j-1.3.0.jar;C:\Users\merya\.m2\repository\org\junit\platform\junit-platform-commons\1.11.3\junit-platform-commons-1.11.3.jar;C:\Users\merya\.m2\repository\org\apiguardian\apiguardian-api\1.1.2\apiguardian-api-1.1.2.jar;C:\Users\merya\.m2\repository\com\mysql\mysql-connector-j\9.1.0\mysql-connector-j-9.1.0.jar;C:\Users\merya\.m2\repository\com\google\protobuf\protobuf-java\4.26.1\protobuf-java-4.26.1.jar;"/>
    <property name="java.vm.vendor" value="Oracle Corporation"/>
    <property name="sun.arch.data.model" value="64"/>
    <property name="user.variant" value=""/>
    <property name="java.vendor.url" value="https://java.oracle.com/"/>
    <property name="user.timezone" value="Africa/Casablanca"/>
    <property name="os.name" value="Windows 11"/>
    <property name="java.vm.specification.version" value="17"/>
    <property name="sun.java.launcher" value="SUN_STANDARD"/>
    <property name="user.country" value="FR"/>
    <property name="sun.boot.library.path" value="C:\Program Files\Java\jdk-17.0.4.1\bin"/>
    <property name="sun.java.command" value="C:\Users\merya\AppData\Local\Temp\surefire6314396206365699215\surefirebooter-20241217223947564_3.jar C:\Users\merya\AppData\Local\Temp\surefire6314396206365699215 2024-12-17T22-39-47_074-jvmRun1 surefire-20241217223947564_1tmp surefire_0-20241217223947564_2tmp"/>
    <property name="jdk.debug" value="release"/>
    <property name="surefire.test.class.path" value="C:\Users\merya\Downloads\GestionBibliotheque\GestionBibliotheque\target\test-classes;C:\Users\merya\Downloads\GestionBibliotheque\GestionBibliotheque\target\classes;C:\Users\merya\.m2\repository\org\junit\jupiter\junit-jupiter-api\5.11.3\junit-jupiter-api-5.11.3.jar;C:\Users\merya\.m2\repository\org\opentest4j\opentest4j\1.3.0\opentest4j-1.3.0.jar;C:\Users\merya\.m2\repository\org\junit\platform\junit-platform-commons\1.11.3\junit-platform-commons-1.11.3.jar;C:\Users\merya\.m2\repository\org\apiguardian\apiguardian-api\1.1.2\apiguardian-api-1.1.2.jar;C:\Users\merya\.m2\repository\com\mysql\mysql-connector-j\9.1.0\mysql-connector-j-9.1.0.jar;C:\Users\merya\.m2\repository\com\google\protobuf\protobuf-java\4.26.1\protobuf-java-4.26.1.jar;"/>
    <property name="sun.cpu.endian" value="little"/>
    <property name="user.home" value="C:\Users\merya"/>
    <property name="user.language" value="fr"/>
    <property name="java.specification.vendor" value="Oracle Corporation"/>
    <property name="java.version.date" value="2022-08-18"/>
    <property name="java.home" value="C:\Program Files\Java\jdk-17.0.4.1"/>
    <property name="file.separator" value="\"/>
    <property name="basedir" value="C:\Users\merya\Downloads\GestionBibliotheque\GestionBibliotheque"/>
    <property name="java.vm.compressedOopsMode" value="Zero based"/>
    <property name="line.separator" value="&#10;"/>
    <property name="java.vm.specification.vendor" value="Oracle Corporation"/>
    <property name="java.specification.name" value="Java Platform API Specification"/>
    <property name="surefire.real.class.path" value="C:\Users\merya\AppData\Local\Temp\surefire6314396206365699215\surefirebooter-20241217223947564_3.jar"/>
    <property name="user.script" value=""/>
    <property name="sun.management.compiler" value="HotSpot 64-Bit Tiered Compilers"/>
    <property name="java.runtime.version" value="17.0.4.1+1-LTS-2"/>
    <property name="user.name" value="merya"/>
    <property name="path.separator" value=";"/>
    <property name="os.version" value="10.0"/>
    <property name="java.runtime.name" value="Java(TM) SE Runtime Environment"/>
    <property name="file.encoding" value="Cp1252"/>
    <property name="java.vm.name" value="Java HotSpot(TM) 64-Bit Server VM"/>
    <property name="localRepository" value="C:\Users\merya\.m2\repository"/>
    <property name="java.vendor.url.bug" value="https://bugreport.java.com/bugreport/"/>
    <property name="java.io.tmpdir" value="C:\Users\merya\AppData\Local\Temp\"/>
    <property name="java.version" value="17.0.4.1"/>
    <property name="user.dir" value="C:\Users\merya\Downloads\GestionBibliotheque\GestionBibliotheque"/>
    <property name="os.arch" value="amd64"/>
    <property name="java.vm.specification.name" value="Java Virtual Machine Specification"/>
    <property name="sun.os.patch.level" value=""/>
    <property name="native.encoding" value="Cp1252"/>
    <property name="java.library.path" value="C:\Program Files\Java\jdk-17.0.4.1\bin;C:\Windows\Sun\Java\bin;C:\Windows\system32;C:\Windows;C:\Users\merya\Downloads\WINDOWS.X64_193000_db_home\bin;C:\Program Files\Python312\Scripts\;C:\Program Files\Python312\;C:\oraclexe\app\oracle\product\11.2.0\server\bin;C:\Users\merya\OneDrive\Documents\libraries\opencv\build\x64\vc16\bin;C:\Windows\system32;C:\Windows;C:\Windows\System32\Wbem;C:\Windows\System32\WindowsPowerShell\v1.0\;C:\Windows\System32\OpenSSH\;C:\Program Files\CMake\bin;C:\Program Files (x86)\Windows Kits\10\Windows Performance Toolkit\;C:\Users\merya\OneDrive\Documents\libraries\opencv\build\x64\vc16\bin;C:\Program Files\Git\cmd;C:\Program Files\MySQL\MySQL Shell 8.0\bin\;C:\Users\merya\AppData\Local\Programs\Eclipse Adoptium\jdk-17.0.8.101-hotspot\bin;C:\Users\merya\AppData\Local\Programs\Python\Launcher\;C:\Users\merya\AppData\Local\Microsoft\WindowsApps;C:\Users\merya\AppData\Local\Programs\Microsoft VS Code\bin;C:\Users\merya\OneDrive\Bureau\opencv\opencv\build\x64\vc16\bin;C:\Program Files\MySQL\MySQL Server 8.0\bin;C:\Users\merya\AppData\Local\Microsoft\WindowsApps\python.exe;C:\Program Files\nodejs\;C:\ProgramData\chocolatey\bin;C:\Program Files\Docker\Docker\resources\bin;C:\Users\merya\AppData\Local\Programs\Python\Python312;C:\Users\merya\AppData\Local\Programs\Python\Python312\Scripts;C:\Users\merya\AppData\Roaming\Python\Python312;C:\Users\merya\AppData\Roaming\Python\Python312\sites-packages;C:\Users\merya\AppData\Roaming\Python\Python312\Scripts;C:\Users\merya\AppData\Roaming\Python\Python312\site-packages\torch\lib\shm.dll;C:\Program Files\JetBrains\IntelliJ IDEA 2023.3\bin;C:\maven\apache-maven-3.9.9\bin;C:\mondossier;C:\Users\merya\AppData\Roaming\npm;C:\Program Files\nodejs\;C:\oraclexe\app\oracle\product\11.2.0\server\bin;C:\Users\merya\OneDrive\Documents\libraries\opencv\build\x64\vc16\bin;C:\Windows\system32;C:\Users\merya\AppData\Roaming\Python\Python312\Scripts;C:\Windows;C:\Windows\System32\Wbem;C:\Windows\System32\WindowsPowerShell\v1.0\;C:\Windows\System32\OpenSSH\;C:\Program Files\CMake\bin;C:\Program Files (x86)\Windows Kits\10\Windows Performance Toolkit\;C:\Users\merya\OneDrive\Documents\libraries\opencv\build\x64\vc16\bin;C:\Program Files\Git\cmd;C:\Program Files\MySQL\MySQL Shell 8.0\bin\;C:\Users\merya\AppData\Local\Programs\Eclipse Adoptium\jdk-17.0.8.101-hotspot\bin;C:\Users\merya\AppData\Local\Microsoft\WindowsApps;C:\Users\merya\AppData\Local\Programs\Microsoft VS Code\bin;C:\Users\merya\OneDrive\Bureau\opencv\opencv\build\x64\vc16\bin;C:\Program Files\MySQL\MySQL Server 8.0\bin;C:\Users\merya\AppData\Local\Microsoft\WindowsApps\python.exe;C:\Program Files\nodejs\;C:\ProgramData\chocolatey;C:\Program Files\Python312\;C:\Users\merya\AppData\Roaming\Python\Python312;C:\Users\merya\AppData\Local\Programs\Python\Python312;C:\Users\merya\AppData\Local\Programs\Python\Python312\Scripts;C:\Users\merya\AppData\Roaming\Python\Python312;C:\Users\merya\AppData\Roaming\Python\Python312\Scripts;C:\Users\merya\AppData\Roaming\Python\Python312\site-packages;C:\Users\merya\AppData\Roaming\Python\Python312\site-packages\torch\lib\shm.dll;C:\Users\merya\Downloads\mongodb-database-tools-windows-x86_64-100.10.0\mongodb-database-tools-windows-x86_64-100.10.0\bin;C:\Program Files\JetBrains\IntelliJ IDEA 2023.3\bin;;."/>
    <property name="java.vm.info" value="mixed mode, sharing"/>
    <property name="java.vendor" value="Oracle Corporation"/>
    <property name="java.vm.version" value="17.0.4.1+1-LTS-2"/>
    <property name="sun.io.unicode.encoding" value="UnicodeLittle"/>
    <property name="java.class.version" value="61.0"/>
  </properties>
  <testcase name="testBorrowBookStudentNotFound" classname="com.library.BorrowServiceTest" time="0.188">
    <system-out><![CDATA[Livre insÃ©rÃ© avec succÃ¨s !
]]></system-out>
    <system-err><![CDATA[No student found with this ID
]]></system-err>
  </testcase>
  <testcase name="testReturnBook" classname="com.library.BorrowServiceTest" time="0.194">
    <system-out><![CDATA[Livre insÃ©rÃ© avec succÃ¨s !
]]></system-out>
  </testcase>
  <testcase name="testBorrowBook" classname="com.library.BorrowServiceTest" time="0.298">
    <system-out><![CDATA[Livre insÃ©rÃ© avec succÃ¨s !
]]></system-out>
  </testcase>
</testsuite>